{"/Users/zachcervi/Documents/Development/katas-countries/src/components/CountryCard/CountryCard.jsx": {"path":"/Users/zachcervi/Documents/Development/katas-countries/src/components/CountryCard/CountryCard.jsx","all":false,"statementMap":{"0":{"start":{"line":1,"column":0},"end":{"line":1,"column":46}},"2":{"start":{"line":3,"column":0},"end":{"line":3,"column":61}},"3":{"start":{"line":4,"column":0},"end":{"line":4,"column":44}},"4":{"start":{"line":5,"column":0},"end":{"line":5,"column":49}},"5":{"start":{"line":6,"column":0},"end":{"line":6,"column":4}},"7":{"start":{"line":8,"column":0},"end":{"line":8,"column":39}},"8":{"start":{"line":9,"column":0},"end":{"line":9,"column":55}},"9":{"start":{"line":10,"column":0},"end":{"line":10,"column":30}},"10":{"start":{"line":11,"column":0},"end":{"line":11,"column":4}},"12":{"start":{"line":13,"column":0},"end":{"line":13,"column":33}},"13":{"start":{"line":14,"column":0},"end":{"line":14,"column":28}},"15":{"start":{"line":16,"column":0},"end":{"line":16,"column":42}},"16":{"start":{"line":17,"column":0},"end":{"line":17,"column":4}},"18":{"start":{"line":19,"column":0},"end":{"line":19,"column":46}},"19":{"start":{"line":20,"column":0},"end":{"line":20,"column":48}},"20":{"start":{"line":21,"column":0},"end":{"line":21,"column":49}},"21":{"start":{"line":22,"column":0},"end":{"line":22,"column":4}},"23":{"start":{"line":24,"column":0},"end":{"line":24,"column":29}},"24":{"start":{"line":25,"column":0},"end":{"line":25,"column":23}},"25":{"start":{"line":26,"column":0},"end":{"line":26,"column":4}},"27":{"start":{"line":28,"column":0},"end":{"line":28,"column":32}},"28":{"start":{"line":29,"column":0},"end":{"line":29,"column":45}},"29":{"start":{"line":30,"column":0},"end":{"line":30,"column":25}},"30":{"start":{"line":31,"column":0},"end":{"line":31,"column":20}},"31":{"start":{"line":32,"column":0},"end":{"line":32,"column":5}},"32":{"start":{"line":33,"column":0},"end":{"line":33,"column":4}},"34":{"start":{"line":35,"column":0},"end":{"line":35,"column":35}},"35":{"start":{"line":36,"column":0},"end":{"line":36,"column":25}},"36":{"start":{"line":37,"column":0},"end":{"line":37,"column":47}},"39":{"start":{"line":40,"column":0},"end":{"line":40,"column":58}},"40":{"start":{"line":41,"column":0},"end":{"line":41,"column":34}},"41":{"start":{"line":42,"column":0},"end":{"line":42,"column":13}},"42":{"start":{"line":43,"column":0},"end":{"line":43,"column":5}},"45":{"start":{"line":46,"column":0},"end":{"line":46,"column":31}},"46":{"start":{"line":47,"column":0},"end":{"line":47,"column":22}},"47":{"start":{"line":48,"column":0},"end":{"line":48,"column":41}},"48":{"start":{"line":49,"column":0},"end":{"line":49,"column":5}},"49":{"start":{"line":50,"column":0},"end":{"line":50,"column":4}},"51":{"start":{"line":52,"column":0},"end":{"line":52,"column":45}},"52":{"start":{"line":53,"column":0},"end":{"line":53,"column":65}},"54":{"start":{"line":55,"column":0},"end":{"line":55,"column":10}},"55":{"start":{"line":56,"column":0},"end":{"line":56,"column":12}},"56":{"start":{"line":57,"column":0},"end":{"line":57,"column":16}},"57":{"start":{"line":58,"column":0},"end":{"line":58,"column":29}},"58":{"start":{"line":59,"column":0},"end":{"line":59,"column":19}},"59":{"start":{"line":60,"column":0},"end":{"line":60,"column":18}},"60":{"start":{"line":61,"column":0},"end":{"line":61,"column":27}},"61":{"start":{"line":62,"column":0},"end":{"line":62,"column":31}},"62":{"start":{"line":63,"column":0},"end":{"line":63,"column":52}},"64":{"start":{"line":65,"column":0},"end":{"line":65,"column":44}},"65":{"start":{"line":66,"column":0},"end":{"line":66,"column":20}},"66":{"start":{"line":67,"column":0},"end":{"line":67,"column":14}},"67":{"start":{"line":68,"column":0},"end":{"line":68,"column":25}},"68":{"start":{"line":69,"column":0},"end":{"line":69,"column":57}},"69":{"start":{"line":70,"column":0},"end":{"line":70,"column":35}},"70":{"start":{"line":71,"column":0},"end":{"line":71,"column":26}},"71":{"start":{"line":72,"column":0},"end":{"line":72,"column":28}},"72":{"start":{"line":73,"column":0},"end":{"line":73,"column":38}},"74":{"start":{"line":75,"column":0},"end":{"line":75,"column":77}},"75":{"start":{"line":76,"column":0},"end":{"line":76,"column":12}},"76":{"start":{"line":77,"column":0},"end":{"line":77,"column":17}},"77":{"start":{"line":78,"column":0},"end":{"line":78,"column":12}},"78":{"start":{"line":79,"column":0},"end":{"line":79,"column":44}},"79":{"start":{"line":80,"column":0},"end":{"line":80,"column":56}},"81":{"start":{"line":82,"column":0},"end":{"line":82,"column":53}},"82":{"start":{"line":83,"column":0},"end":{"line":83,"column":68}},"83":{"start":{"line":84,"column":0},"end":{"line":84,"column":14}},"84":{"start":{"line":85,"column":0},"end":{"line":85,"column":12}},"86":{"start":{"line":87,"column":0},"end":{"line":87,"column":38}},"87":{"start":{"line":88,"column":0},"end":{"line":88,"column":61}},"89":{"start":{"line":90,"column":0},"end":{"line":90,"column":40}},"90":{"start":{"line":91,"column":0},"end":{"line":91,"column":41}},"91":{"start":{"line":92,"column":0},"end":{"line":92,"column":61}},"92":{"start":{"line":93,"column":0},"end":{"line":93,"column":43}},"93":{"start":{"line":94,"column":0},"end":{"line":94,"column":53}},"94":{"start":{"line":95,"column":0},"end":{"line":95,"column":19}},"95":{"start":{"line":96,"column":0},"end":{"line":96,"column":16}},"97":{"start":{"line":98,"column":0},"end":{"line":98,"column":41}},"98":{"start":{"line":99,"column":0},"end":{"line":99,"column":57}},"99":{"start":{"line":100,"column":0},"end":{"line":100,"column":76}},"100":{"start":{"line":101,"column":0},"end":{"line":101,"column":16}},"102":{"start":{"line":103,"column":0},"end":{"line":103,"column":41}},"103":{"start":{"line":104,"column":0},"end":{"line":104,"column":58}},"104":{"start":{"line":105,"column":0},"end":{"line":105,"column":43}},"105":{"start":{"line":106,"column":0},"end":{"line":106,"column":48}},"106":{"start":{"line":107,"column":0},"end":{"line":107,"column":19}},"107":{"start":{"line":108,"column":0},"end":{"line":108,"column":16}},"108":{"start":{"line":109,"column":0},"end":{"line":109,"column":14}},"109":{"start":{"line":110,"column":0},"end":{"line":110,"column":12}},"110":{"start":{"line":111,"column":0},"end":{"line":111,"column":14}},"112":{"start":{"line":113,"column":0},"end":{"line":113,"column":1}}},"s":{"0":1,"2":1,"3":17,"4":17,"5":17,"7":17,"8":17,"9":15,"10":17,"12":17,"13":17,"15":17,"16":17,"18":17,"19":16,"20":16,"21":16,"23":17,"24":1,"25":1,"27":17,"28":0,"29":0,"30":0,"31":0,"32":0,"34":17,"35":0,"36":0,"39":0,"40":0,"41":0,"42":0,"45":0,"46":0,"47":0,"48":0,"49":0,"51":17,"52":17,"54":17,"55":17,"56":17,"57":17,"58":17,"59":17,"60":17,"61":17,"62":17,"64":17,"65":17,"66":16,"67":16,"68":16,"69":16,"70":16,"71":16,"72":16,"74":16,"75":16,"76":1,"77":17,"78":17,"79":17,"81":17,"82":17,"83":17,"84":17,"86":17,"87":17,"89":17,"90":17,"91":17,"92":17,"93":17,"94":17,"95":17,"97":17,"98":17,"99":17,"100":17,"102":17,"103":17,"104":17,"105":17,"106":17,"107":17,"108":17,"109":17,"110":17,"112":17},"branchMap":{"0":{"type":"branch","line":3,"loc":{"start":{"line":3,"column":7},"end":{"line":113,"column":1}},"locations":[{"start":{"line":3,"column":7},"end":{"line":113,"column":1}}]},"1":{"type":"branch","line":53,"loc":{"start":{"line":53,"column":37},"end":{"line":53,"column":65}},"locations":[{"start":{"line":53,"column":37},"end":{"line":53,"column":65}}]},"2":{"type":"branch","line":66,"loc":{"start":{"line":66,"column":9},"end":{"line":76,"column":12}},"locations":[{"start":{"line":66,"column":9},"end":{"line":76,"column":12}}]},"3":{"type":"branch","line":76,"loc":{"start":{"line":76,"column":10},"end":{"line":77,"column":17}},"locations":[{"start":{"line":76,"column":10},"end":{"line":77,"column":17}}]},"4":{"type":"branch","line":80,"loc":{"start":{"line":80,"column":28},"end":{"line":80,"column":47}},"locations":[{"start":{"line":80,"column":28},"end":{"line":80,"column":47}}]},"5":{"type":"branch","line":80,"loc":{"start":{"line":80,"column":38},"end":{"line":80,"column":54}},"locations":[{"start":{"line":80,"column":38},"end":{"line":80,"column":54}}]},"6":{"type":"branch","line":100,"loc":{"start":{"line":100,"column":53},"end":{"line":100,"column":69}},"locations":[{"start":{"line":100,"column":53},"end":{"line":100,"column":69}}]},"7":{"type":"branch","line":4,"loc":{"start":{"line":4,"column":27},"end":{"line":6,"column":4}},"locations":[{"start":{"line":4,"column":27},"end":{"line":6,"column":4}}]},"8":{"type":"branch","line":5,"loc":{"start":{"line":5,"column":11},"end":{"line":5,"column":38}},"locations":[{"start":{"line":5,"column":11},"end":{"line":5,"column":38}}]},"9":{"type":"branch","line":5,"loc":{"start":{"line":5,"column":38},"end":{"line":5,"column":49}},"locations":[{"start":{"line":5,"column":38},"end":{"line":5,"column":49}}]},"10":{"type":"branch","line":8,"loc":{"start":{"line":8,"column":25},"end":{"line":11,"column":4}},"locations":[{"start":{"line":8,"column":25},"end":{"line":11,"column":4}}]},"11":{"type":"branch","line":9,"loc":{"start":{"line":9,"column":9},"end":{"line":9,"column":42}},"locations":[{"start":{"line":9,"column":9},"end":{"line":9,"column":42}}]},"12":{"type":"branch","line":9,"loc":{"start":{"line":9,"column":42},"end":{"line":9,"column":55}},"locations":[{"start":{"line":9,"column":42},"end":{"line":9,"column":55}}]},"13":{"type":"branch","line":9,"loc":{"start":{"line":9,"column":49},"end":{"line":10,"column":30}},"locations":[{"start":{"line":9,"column":49},"end":{"line":10,"column":30}}]},"14":{"type":"branch","line":13,"loc":{"start":{"line":13,"column":21},"end":{"line":17,"column":4}},"locations":[{"start":{"line":13,"column":21},"end":{"line":17,"column":4}}]},"15":{"type":"branch","line":14,"loc":{"start":{"line":14,"column":16},"end":{"line":14,"column":28}},"locations":[{"start":{"line":14,"column":16},"end":{"line":14,"column":28}}]},"16":{"type":"branch","line":14,"loc":{"start":{"line":14,"column":23},"end":{"line":16,"column":37}},"locations":[{"start":{"line":14,"column":23},"end":{"line":16,"column":37}}]},"17":{"type":"branch","line":16,"loc":{"start":{"line":16,"column":30},"end":{"line":16,"column":42}},"locations":[{"start":{"line":16,"column":30},"end":{"line":16,"column":42}}]},"18":{"type":"branch","line":19,"loc":{"start":{"line":19,"column":21},"end":{"line":22,"column":4}},"locations":[{"start":{"line":19,"column":21},"end":{"line":22,"column":4}}]},"19":{"type":"branch","line":20,"loc":{"start":{"line":20,"column":16},"end":{"line":20,"column":48}},"locations":[{"start":{"line":20,"column":16},"end":{"line":20,"column":48}}]},"20":{"type":"branch","line":21,"loc":{"start":{"line":21,"column":17},"end":{"line":21,"column":49}},"locations":[{"start":{"line":21,"column":17},"end":{"line":21,"column":49}}]},"21":{"type":"branch","line":24,"loc":{"start":{"line":24,"column":22},"end":{"line":26,"column":4}},"locations":[{"start":{"line":24,"column":22},"end":{"line":26,"column":4}}]}},"b":{"0":[17],"1":[0],"2":[16],"3":[1],"4":[16],"5":[1],"6":[0],"7":[17],"8":[16],"9":[1],"10":[17],"11":[15],"12":[2],"13":[15],"14":[17],"15":[1],"16":[16],"17":[0],"18":[16],"19":[0],"20":[9],"21":[1]},"fnMap":{"0":{"name":"CountryCard","decl":{"start":{"line":3,"column":7},"end":{"line":113,"column":1}},"loc":{"start":{"line":3,"column":7},"end":{"line":113,"column":1}},"line":3},"1":{"name":"formatPopulation","decl":{"start":{"line":4,"column":27},"end":{"line":6,"column":4}},"loc":{"start":{"line":4,"column":27},"end":{"line":6,"column":4}},"line":4},"2":{"name":"getCapitalText","decl":{"start":{"line":8,"column":25},"end":{"line":11,"column":4}},"loc":{"start":{"line":8,"column":25},"end":{"line":11,"column":4}},"line":8},"3":{"name":"getFlagUrl","decl":{"start":{"line":13,"column":21},"end":{"line":17,"column":4}},"loc":{"start":{"line":13,"column":21},"end":{"line":17,"column":4}},"line":13},"4":{"name":"getFlagAlt","decl":{"start":{"line":19,"column":21},"end":{"line":22,"column":4}},"loc":{"start":{"line":19,"column":21},"end":{"line":22,"column":4}},"line":19},"5":{"name":"handleClick","decl":{"start":{"line":24,"column":22},"end":{"line":26,"column":4}},"loc":{"start":{"line":24,"column":22},"end":{"line":26,"column":4}},"line":24},"6":{"name":"handleKeyDown","decl":{"start":{"line":28,"column":24},"end":{"line":33,"column":4}},"loc":{"start":{"line":28,"column":24},"end":{"line":33,"column":4}},"line":28},"7":{"name":"handleImageError","decl":{"start":{"line":35,"column":27},"end":{"line":50,"column":4}},"loc":{"start":{"line":35,"column":27},"end":{"line":50,"column":4}},"line":35}},"f":{"0":17,"1":17,"2":17,"3":17,"4":16,"5":1,"6":0,"7":0}}
,"/Users/zachcervi/Documents/Development/katas-countries/src/components/CountryList/CountryList.jsx": {"path":"/Users/zachcervi/Documents/Development/katas-countries/src/components/CountryList/CountryList.jsx","all":false,"statementMap":{"0":{"start":{"line":1,"column":0},"end":{"line":1,"column":57}},"1":{"start":{"line":2,"column":0},"end":{"line":2,"column":46}},"3":{"start":{"line":4,"column":0},"end":{"line":4,"column":53}},"4":{"start":{"line":5,"column":0},"end":{"line":5,"column":16}},"5":{"start":{"line":6,"column":0},"end":{"line":6,"column":12}},"6":{"start":{"line":7,"column":0},"end":{"line":7,"column":47}},"7":{"start":{"line":8,"column":0},"end":{"line":8,"column":76}},"8":{"start":{"line":9,"column":0},"end":{"line":9,"column":78}},"9":{"start":{"line":10,"column":0},"end":{"line":10,"column":12}},"11":{"start":{"line":12,"column":0},"end":{"line":12,"column":3}},"13":{"start":{"line":14,"column":0},"end":{"line":14,"column":45}},"14":{"start":{"line":15,"column":0},"end":{"line":15,"column":12}},"15":{"start":{"line":16,"column":0},"end":{"line":16,"column":41}},"16":{"start":{"line":17,"column":0},"end":{"line":17,"column":50}},"17":{"start":{"line":18,"column":0},"end":{"line":18,"column":65}},"18":{"start":{"line":19,"column":0},"end":{"line":19,"column":40}},"21":{"start":{"line":22,"column":0},"end":{"line":22,"column":12}},"22":{"start":{"line":23,"column":0},"end":{"line":23,"column":45}},"23":{"start":{"line":24,"column":0},"end":{"line":24,"column":70}},"24":{"start":{"line":25,"column":0},"end":{"line":25,"column":50}},"26":{"start":{"line":27,"column":0},"end":{"line":27,"column":16}},"27":{"start":{"line":28,"column":0},"end":{"line":28,"column":14}},"28":{"start":{"line":29,"column":0},"end":{"line":29,"column":12}},"30":{"start":{"line":31,"column":0},"end":{"line":31,"column":3}},"32":{"start":{"line":33,"column":0},"end":{"line":33,"column":10}},"33":{"start":{"line":34,"column":0},"end":{"line":34,"column":51}},"34":{"start":{"line":35,"column":0},"end":{"line":35,"column":35}},"35":{"start":{"line":36,"column":0},"end":{"line":36,"column":47}},"36":{"start":{"line":37,"column":0},"end":{"line":37,"column":70}},"37":{"start":{"line":38,"column":0},"end":{"line":38,"column":13}},"38":{"start":{"line":39,"column":0},"end":{"line":39,"column":9}},"39":{"start":{"line":40,"column":0},"end":{"line":40,"column":9}},"41":{"start":{"line":42,"column":0},"end":{"line":42,"column":1}}},"s":{"0":1,"1":1,"3":1,"4":26,"5":17,"6":17,"7":17,"8":17,"9":17,"11":17,"13":26,"14":3,"15":3,"16":3,"17":3,"18":3,"21":3,"22":3,"23":3,"24":3,"26":3,"27":3,"28":3,"30":3,"32":6,"33":6,"34":6,"35":10,"36":10,"37":10,"38":6,"39":6,"41":6},"branchMap":{"0":{"type":"branch","line":4,"loc":{"start":{"line":4,"column":7},"end":{"line":42,"column":1}},"locations":[{"start":{"line":4,"column":7},"end":{"line":42,"column":1}}]},"1":{"type":"branch","line":5,"loc":{"start":{"line":5,"column":15},"end":{"line":12,"column":3}},"locations":[{"start":{"line":5,"column":15},"end":{"line":12,"column":3}}]},"2":{"type":"branch","line":12,"loc":{"start":{"line":12,"column":2},"end":{"line":14,"column":44}},"locations":[{"start":{"line":12,"column":2},"end":{"line":14,"column":44}}]},"3":{"type":"branch","line":14,"loc":{"start":{"line":14,"column":44},"end":{"line":31,"column":3}},"locations":[{"start":{"line":14,"column":44},"end":{"line":31,"column":3}}]},"4":{"type":"branch","line":31,"loc":{"start":{"line":31,"column":2},"end":{"line":42,"column":1}},"locations":[{"start":{"line":31,"column":2},"end":{"line":42,"column":1}}]},"5":{"type":"branch","line":35,"loc":{"start":{"line":35,"column":21},"end":{"line":38,"column":13}},"locations":[{"start":{"line":35,"column":21},"end":{"line":38,"column":13}}]}},"b":{"0":[26],"1":[17],"2":[9],"3":[3],"4":[6],"5":[10]},"fnMap":{"0":{"name":"CountryList","decl":{"start":{"line":4,"column":7},"end":{"line":42,"column":1}},"loc":{"start":{"line":4,"column":7},"end":{"line":42,"column":1}},"line":4}},"f":{"0":26}}
,"/Users/zachcervi/Documents/Development/katas-countries/src/components/SearchFilter/SearchFilter.jsx": {"path":"/Users/zachcervi/Documents/Development/katas-countries/src/components/SearchFilter/SearchFilter.jsx","all":false,"statementMap":{"0":{"start":{"line":1,"column":0},"end":{"line":1,"column":52}},"1":{"start":{"line":2,"column":0},"end":{"line":2,"column":47}},"3":{"start":{"line":4,"column":0},"end":{"line":4,"column":60}},"4":{"start":{"line":5,"column":0},"end":{"line":5,"column":51}},"5":{"start":{"line":6,"column":0},"end":{"line":6,"column":39}},"8":{"start":{"line":9,"column":0},"end":{"line":9,"column":19}},"9":{"start":{"line":10,"column":0},"end":{"line":10,"column":35}},"10":{"start":{"line":11,"column":0},"end":{"line":11,"column":5}},"12":{"start":{"line":13,"column":0},"end":{"line":13,"column":19}},"13":{"start":{"line":14,"column":0},"end":{"line":14,"column":36}},"14":{"start":{"line":15,"column":0},"end":{"line":15,"column":40}},"15":{"start":{"line":16,"column":0},"end":{"line":16,"column":12}},"17":{"start":{"line":18,"column":0},"end":{"line":18,"column":37}},"18":{"start":{"line":19,"column":0},"end":{"line":19,"column":20}},"20":{"start":{"line":21,"column":0},"end":{"line":21,"column":37}},"21":{"start":{"line":22,"column":0},"end":{"line":22,"column":34}},"22":{"start":{"line":23,"column":0},"end":{"line":23,"column":4}},"24":{"start":{"line":25,"column":0},"end":{"line":25,"column":37}},"25":{"start":{"line":26,"column":0},"end":{"line":26,"column":37}},"26":{"start":{"line":27,"column":0},"end":{"line":27,"column":4}},"28":{"start":{"line":29,"column":0},"end":{"line":29,"column":10}},"29":{"start":{"line":30,"column":0},"end":{"line":30,"column":45}},"30":{"start":{"line":31,"column":0},"end":{"line":31,"column":46}},"31":{"start":{"line":32,"column":0},"end":{"line":32,"column":14}},"32":{"start":{"line":33,"column":0},"end":{"line":33,"column":21}},"33":{"start":{"line":34,"column":0},"end":{"line":34,"column":43}},"34":{"start":{"line":35,"column":0},"end":{"line":35,"column":39}},"35":{"start":{"line":36,"column":0},"end":{"line":36,"column":28}},"36":{"start":{"line":37,"column":0},"end":{"line":37,"column":39}},"37":{"start":{"line":38,"column":0},"end":{"line":38,"column":40}},"38":{"start":{"line":39,"column":0},"end":{"line":39,"column":10}},"39":{"start":{"line":40,"column":0},"end":{"line":40,"column":12}},"41":{"start":{"line":42,"column":0},"end":{"line":42,"column":46}},"42":{"start":{"line":43,"column":0},"end":{"line":43,"column":15}},"43":{"start":{"line":44,"column":0},"end":{"line":44,"column":39}},"44":{"start":{"line":45,"column":0},"end":{"line":45,"column":39}},"45":{"start":{"line":46,"column":0},"end":{"line":46,"column":41}},"47":{"start":{"line":48,"column":0},"end":{"line":48,"column":47}},"48":{"start":{"line":49,"column":0},"end":{"line":49,"column":48}},"49":{"start":{"line":50,"column":0},"end":{"line":50,"column":52}},"50":{"start":{"line":51,"column":0},"end":{"line":51,"column":44}},"51":{"start":{"line":52,"column":0},"end":{"line":52,"column":48}},"52":{"start":{"line":53,"column":0},"end":{"line":53,"column":50}},"53":{"start":{"line":54,"column":0},"end":{"line":54,"column":17}},"54":{"start":{"line":55,"column":0},"end":{"line":55,"column":12}},"55":{"start":{"line":56,"column":0},"end":{"line":56,"column":14}},"57":{"start":{"line":58,"column":0},"end":{"line":58,"column":1}}},"s":{"0":1,"1":1,"3":1,"4":36,"5":36,"8":36,"9":36,"10":36,"12":36,"13":29,"14":1,"15":29,"17":29,"18":36,"20":36,"21":11,"22":11,"24":36,"25":2,"26":2,"28":36,"29":36,"30":36,"31":36,"32":36,"33":36,"34":36,"35":36,"36":36,"37":36,"38":36,"39":36,"41":36,"42":36,"43":36,"44":36,"45":36,"47":36,"48":36,"49":36,"50":36,"51":36,"52":36,"53":36,"54":36,"55":36,"57":36},"branchMap":{"0":{"type":"branch","line":4,"loc":{"start":{"line":4,"column":7},"end":{"line":58,"column":1}},"locations":[{"start":{"line":4,"column":7},"end":{"line":58,"column":1}}]},"1":{"type":"branch","line":9,"loc":{"start":{"line":9,"column":12},"end":{"line":11,"column":3}},"locations":[{"start":{"line":9,"column":12},"end":{"line":11,"column":3}}]},"2":{"type":"branch","line":13,"loc":{"start":{"line":13,"column":12},"end":{"line":19,"column":5}},"locations":[{"start":{"line":13,"column":12},"end":{"line":19,"column":5}}]},"3":{"type":"branch","line":14,"loc":{"start":{"line":14,"column":29},"end":{"line":16,"column":7}},"locations":[{"start":{"line":14,"column":29},"end":{"line":16,"column":7}}]},"4":{"type":"branch","line":18,"loc":{"start":{"line":18,"column":11},"end":{"line":18,"column":37}},"locations":[{"start":{"line":18,"column":11},"end":{"line":18,"column":37}}]},"5":{"type":"branch","line":21,"loc":{"start":{"line":21,"column":29},"end":{"line":23,"column":4}},"locations":[{"start":{"line":21,"column":29},"end":{"line":23,"column":4}}]},"6":{"type":"branch","line":25,"loc":{"start":{"line":25,"column":29},"end":{"line":27,"column":4}},"locations":[{"start":{"line":25,"column":29},"end":{"line":27,"column":4}}]}},"b":{"0":[36],"1":[36],"2":[29],"3":[1],"4":[29],"5":[11],"6":[2]},"fnMap":{"0":{"name":"SearchFilter","decl":{"start":{"line":4,"column":7},"end":{"line":58,"column":1}},"loc":{"start":{"line":4,"column":7},"end":{"line":58,"column":1}},"line":4},"1":{"name":"handleSearchChange","decl":{"start":{"line":21,"column":29},"end":{"line":23,"column":4}},"loc":{"start":{"line":21,"column":29},"end":{"line":23,"column":4}},"line":21},"2":{"name":"handleRegionChange","decl":{"start":{"line":25,"column":29},"end":{"line":27,"column":4}},"loc":{"start":{"line":25,"column":29},"end":{"line":27,"column":4}},"line":25}},"f":{"0":36,"1":11,"2":2}}
,"/Users/zachcervi/Documents/Development/katas-countries/src/hooks/useCountries.js": {"path":"/Users/zachcervi/Documents/Development/katas-countries/src/hooks/useCountries.js","all":false,"statementMap":{"0":{"start":{"line":1,"column":0},"end":{"line":1,"column":80}},"1":{"start":{"line":2,"column":0},"end":{"line":2,"column":8}},"7":{"start":{"line":8,"column":0},"end":{"line":8,"column":32}},"8":{"start":{"line":9,"column":0},"end":{"line":9,"column":49}},"9":{"start":{"line":10,"column":0},"end":{"line":10,"column":47}},"10":{"start":{"line":11,"column":0},"end":{"line":11,"column":43}},"12":{"start":{"line":13,"column":0},"end":{"line":13,"column":32}},"13":{"start":{"line":14,"column":0},"end":{"line":14,"column":19}},"14":{"start":{"line":15,"column":0},"end":{"line":15,"column":39}},"15":{"start":{"line":16,"column":0},"end":{"line":16,"column":11}},"16":{"start":{"line":17,"column":0},"end":{"line":17,"column":25}},"17":{"start":{"line":18,"column":0},"end":{"line":18,"column":23}},"18":{"start":{"line":19,"column":0},"end":{"line":19,"column":47}},"19":{"start":{"line":20,"column":0},"end":{"line":20,"column":27}},"20":{"start":{"line":21,"column":0},"end":{"line":21,"column":21}},"21":{"start":{"line":22,"column":0},"end":{"line":22,"column":45}},"22":{"start":{"line":23,"column":0},"end":{"line":23,"column":25}},"23":{"start":{"line":24,"column":0},"end":{"line":24,"column":17}},"24":{"start":{"line":25,"column":0},"end":{"line":25,"column":26}},"25":{"start":{"line":26,"column":0},"end":{"line":26,"column":7}},"26":{"start":{"line":27,"column":0},"end":{"line":27,"column":6}},"28":{"start":{"line":29,"column":0},"end":{"line":29,"column":20}},"29":{"start":{"line":30,"column":0},"end":{"line":30,"column":9}},"31":{"start":{"line":32,"column":0},"end":{"line":32,"column":21}},"32":{"start":{"line":33,"column":0},"end":{"line":33,"column":61}},"33":{"start":{"line":34,"column":0},"end":{"line":34,"column":56}},"34":{"start":{"line":35,"column":0},"end":{"line":35,"column":46}},"35":{"start":{"line":36,"column":0},"end":{"line":36,"column":11}},"36":{"start":{"line":37,"column":0},"end":{"line":37,"column":25}},"37":{"start":{"line":38,"column":0},"end":{"line":38,"column":47}},"38":{"start":{"line":39,"column":0},"end":{"line":39,"column":27}},"39":{"start":{"line":40,"column":0},"end":{"line":40,"column":21}},"40":{"start":{"line":41,"column":0},"end":{"line":41,"column":45}},"41":{"start":{"line":42,"column":0},"end":{"line":42,"column":17}},"42":{"start":{"line":43,"column":0},"end":{"line":43,"column":26}},"43":{"start":{"line":44,"column":0},"end":{"line":44,"column":7}},"44":{"start":{"line":45,"column":0},"end":{"line":45,"column":13}},"45":{"start":{"line":46,"column":0},"end":{"line":46,"column":5}},"47":{"start":{"line":48,"column":0},"end":{"line":48,"column":9}},"48":{"start":{"line":49,"column":0},"end":{"line":49,"column":23}},"49":{"start":{"line":50,"column":0},"end":{"line":50,"column":21}},"50":{"start":{"line":51,"column":0},"end":{"line":51,"column":56}},"51":{"start":{"line":52,"column":0},"end":{"line":52,"column":25}},"52":{"start":{"line":53,"column":0},"end":{"line":53,"column":19}},"53":{"start":{"line":54,"column":0},"end":{"line":54,"column":32}},"54":{"start":{"line":55,"column":0},"end":{"line":55,"column":15}},"55":{"start":{"line":56,"column":0},"end":{"line":56,"column":24}},"56":{"start":{"line":57,"column":0},"end":{"line":57,"column":5}},"57":{"start":{"line":58,"column":0},"end":{"line":58,"column":9}},"59":{"start":{"line":60,"column":0},"end":{"line":60,"column":21}},"60":{"start":{"line":61,"column":0},"end":{"line":61,"column":56}},"61":{"start":{"line":62,"column":0},"end":{"line":62,"column":18}},"62":{"start":{"line":63,"column":0},"end":{"line":63,"column":52}},"63":{"start":{"line":64,"column":0},"end":{"line":64,"column":11}},"64":{"start":{"line":65,"column":0},"end":{"line":65,"column":25}},"65":{"start":{"line":66,"column":0},"end":{"line":66,"column":47}},"66":{"start":{"line":67,"column":0},"end":{"line":67,"column":27}},"67":{"start":{"line":68,"column":0},"end":{"line":68,"column":21}},"68":{"start":{"line":69,"column":0},"end":{"line":69,"column":45}},"69":{"start":{"line":70,"column":0},"end":{"line":70,"column":17}},"70":{"start":{"line":71,"column":0},"end":{"line":71,"column":26}},"71":{"start":{"line":72,"column":0},"end":{"line":72,"column":7}},"72":{"start":{"line":73,"column":0},"end":{"line":73,"column":13}},"73":{"start":{"line":74,"column":0},"end":{"line":74,"column":5}},"75":{"start":{"line":76,"column":0},"end":{"line":76,"column":9}},"76":{"start":{"line":77,"column":0},"end":{"line":77,"column":23}},"77":{"start":{"line":78,"column":0},"end":{"line":78,"column":21}},"78":{"start":{"line":79,"column":0},"end":{"line":79,"column":51}},"79":{"start":{"line":80,"column":0},"end":{"line":80,"column":25}},"80":{"start":{"line":81,"column":0},"end":{"line":81,"column":19}},"81":{"start":{"line":82,"column":0},"end":{"line":82,"column":32}},"82":{"start":{"line":83,"column":0},"end":{"line":83,"column":15}},"83":{"start":{"line":84,"column":0},"end":{"line":84,"column":24}},"84":{"start":{"line":85,"column":0},"end":{"line":85,"column":5}},"85":{"start":{"line":86,"column":0},"end":{"line":86,"column":9}},"87":{"start":{"line":88,"column":0},"end":{"line":88,"column":10}},"88":{"start":{"line":89,"column":0},"end":{"line":89,"column":14}},"89":{"start":{"line":90,"column":0},"end":{"line":90,"column":12}},"90":{"start":{"line":91,"column":0},"end":{"line":91,"column":10}},"91":{"start":{"line":92,"column":0},"end":{"line":92,"column":20}},"92":{"start":{"line":93,"column":0},"end":{"line":93,"column":19}},"93":{"start":{"line":94,"column":0},"end":{"line":94,"column":4}},"94":{"start":{"line":95,"column":0},"end":{"line":95,"column":1}}},"s":{"0":1,"1":1,"7":1,"8":38,"9":38,"10":38,"12":38,"13":38,"14":21,"15":21,"16":21,"17":21,"18":21,"19":19,"20":21,"21":2,"22":2,"23":21,"24":21,"25":21,"26":21,"28":21,"29":38,"31":38,"32":38,"33":3,"34":1,"35":1,"36":1,"37":1,"38":1,"39":1,"40":0,"41":1,"42":1,"43":1,"44":1,"45":1,"47":2,"48":2,"49":2,"50":2,"51":2,"52":3,"53":0,"54":3,"55":2,"56":2,"57":38,"59":38,"60":38,"61":3,"62":1,"63":1,"64":1,"65":1,"66":1,"67":1,"68":0,"69":1,"70":1,"71":1,"72":1,"73":1,"75":2,"76":2,"77":2,"78":2,"79":2,"80":3,"81":0,"82":3,"83":2,"84":2,"85":38,"87":38,"88":38,"89":38,"90":38,"91":38,"92":38,"93":38,"94":38},"branchMap":{"0":{"type":"branch","line":8,"loc":{"start":{"line":8,"column":7},"end":{"line":95,"column":1}},"locations":[{"start":{"line":8,"column":7},"end":{"line":95,"column":1}}]},"1":{"type":"branch","line":14,"loc":{"start":{"line":14,"column":12},"end":{"line":30,"column":3}},"locations":[{"start":{"line":14,"column":12},"end":{"line":30,"column":3}}]},"2":{"type":"branch","line":15,"loc":{"start":{"line":15,"column":26},"end":{"line":27,"column":5}},"locations":[{"start":{"line":15,"column":26},"end":{"line":27,"column":5}}]},"3":{"type":"branch","line":19,"loc":{"start":{"line":19,"column":46},"end":{"line":21,"column":8}},"locations":[{"start":{"line":19,"column":46},"end":{"line":21,"column":8}}]},"4":{"type":"branch","line":21,"loc":{"start":{"line":21,"column":8},"end":{"line":24,"column":7}},"locations":[{"start":{"line":21,"column":8},"end":{"line":24,"column":7}}]},"5":{"type":"branch","line":33,"loc":{"start":{"line":33,"column":38},"end":{"line":58,"column":3}},"locations":[{"start":{"line":33,"column":38},"end":{"line":58,"column":3}}]},"6":{"type":"branch","line":34,"loc":{"start":{"line":34,"column":20},"end":{"line":34,"column":53}},"locations":[{"start":{"line":34,"column":20},"end":{"line":34,"column":53}}]},"7":{"type":"branch","line":34,"loc":{"start":{"line":34,"column":55},"end":{"line":53,"column":6}},"locations":[{"start":{"line":34,"column":55},"end":{"line":53,"column":6}}]},"8":{"type":"branch","line":34,"loc":{"start":{"line":34,"column":55},"end":{"line":46,"column":5}},"locations":[{"start":{"line":34,"column":55},"end":{"line":46,"column":5}}]},"9":{"type":"branch","line":40,"loc":{"start":{"line":40,"column":8},"end":{"line":42,"column":7}},"locations":[{"start":{"line":40,"column":8},"end":{"line":42,"column":7}}]},"10":{"type":"branch","line":53,"loc":{"start":{"line":53,"column":6},"end":{"line":55,"column":5}},"locations":[{"start":{"line":53,"column":6},"end":{"line":55,"column":5}}]},"11":{"type":"branch","line":55,"loc":{"start":{"line":55,"column":5},"end":{"line":57,"column":5}},"locations":[{"start":{"line":55,"column":5},"end":{"line":57,"column":5}}]},"12":{"type":"branch","line":61,"loc":{"start":{"line":61,"column":37},"end":{"line":86,"column":3}},"locations":[{"start":{"line":61,"column":37},"end":{"line":86,"column":3}}]},"13":{"type":"branch","line":62,"loc":{"start":{"line":62,"column":17},"end":{"line":81,"column":6}},"locations":[{"start":{"line":62,"column":17},"end":{"line":81,"column":6}}]},"14":{"type":"branch","line":62,"loc":{"start":{"line":62,"column":17},"end":{"line":74,"column":5}},"locations":[{"start":{"line":62,"column":17},"end":{"line":74,"column":5}}]},"15":{"type":"branch","line":68,"loc":{"start":{"line":68,"column":8},"end":{"line":70,"column":7}},"locations":[{"start":{"line":68,"column":8},"end":{"line":70,"column":7}}]},"16":{"type":"branch","line":81,"loc":{"start":{"line":81,"column":6},"end":{"line":83,"column":5}},"locations":[{"start":{"line":81,"column":6},"end":{"line":83,"column":5}}]},"17":{"type":"branch","line":83,"loc":{"start":{"line":83,"column":5},"end":{"line":85,"column":5}},"locations":[{"start":{"line":83,"column":5},"end":{"line":85,"column":5}}]}},"b":{"0":[38],"1":[21],"2":[21],"3":[19],"4":[2],"5":[3],"6":[2],"7":[2],"8":[1],"9":[0],"10":[0],"11":[2],"12":[3],"13":[2],"14":[1],"15":[0],"16":[0],"17":[2]},"fnMap":{"0":{"name":"useCountries","decl":{"start":{"line":8,"column":7},"end":{"line":95,"column":1}},"loc":{"start":{"line":8,"column":7},"end":{"line":95,"column":1}},"line":8},"1":{"name":"loadCountries","decl":{"start":{"line":15,"column":26},"end":{"line":27,"column":5}},"loc":{"start":{"line":15,"column":26},"end":{"line":27,"column":5}},"line":15}},"f":{"0":38,"1":21}}
,"/Users/zachcervi/Documents/Development/katas-countries/src/pages/Home.jsx": {"path":"/Users/zachcervi/Documents/Development/katas-countries/src/pages/Home.jsx","all":false,"statementMap":{"0":{"start":{"line":1,"column":0},"end":{"line":1,"column":71}},"1":{"start":{"line":2,"column":0},"end":{"line":2,"column":68}},"2":{"start":{"line":3,"column":0},"end":{"line":3,"column":53}},"3":{"start":{"line":4,"column":0},"end":{"line":4,"column":39}},"5":{"start":{"line":6,"column":0},"end":{"line":6,"column":24}},"6":{"start":{"line":7,"column":0},"end":{"line":7,"column":72}},"7":{"start":{"line":8,"column":0},"end":{"line":8,"column":19}},"9":{"start":{"line":10,"column":0},"end":{"line":10,"column":40}},"10":{"start":{"line":11,"column":0},"end":{"line":11,"column":32}},"11":{"start":{"line":12,"column":0},"end":{"line":12,"column":4}},"13":{"start":{"line":14,"column":0},"end":{"line":14,"column":42}},"14":{"start":{"line":15,"column":0},"end":{"line":15,"column":27}},"15":{"start":{"line":16,"column":0},"end":{"line":16,"column":4}},"16":{"start":{"line":17,"column":0},"end":{"line":17,"column":10}},"17":{"start":{"line":18,"column":0},"end":{"line":18,"column":34}},"18":{"start":{"line":19,"column":0},"end":{"line":19,"column":54}},"19":{"start":{"line":20,"column":0},"end":{"line":20,"column":60}},"20":{"start":{"line":21,"column":0},"end":{"line":21,"column":39}},"23":{"start":{"line":24,"column":0},"end":{"line":24,"column":12}},"24":{"start":{"line":25,"column":0},"end":{"line":25,"column":15}},"25":{"start":{"line":26,"column":0},"end":{"line":26,"column":44}},"26":{"start":{"line":27,"column":0},"end":{"line":27,"column":21}},"27":{"start":{"line":28,"column":0},"end":{"line":28,"column":33}},"28":{"start":{"line":29,"column":0},"end":{"line":29,"column":45}},"29":{"start":{"line":30,"column":0},"end":{"line":30,"column":10}},"30":{"start":{"line":31,"column":0},"end":{"line":31,"column":12}},"32":{"start":{"line":33,"column":0},"end":{"line":33,"column":14}},"33":{"start":{"line":34,"column":0},"end":{"line":34,"column":39}},"34":{"start":{"line":35,"column":0},"end":{"line":35,"column":43}},"36":{"start":{"line":37,"column":0},"end":{"line":37,"column":18}},"37":{"start":{"line":38,"column":0},"end":{"line":38,"column":40}},"38":{"start":{"line":39,"column":0},"end":{"line":39,"column":62}},"39":{"start":{"line":40,"column":0},"end":{"line":40,"column":16}},"41":{"start":{"line":42,"column":0},"end":{"line":42,"column":65}},"43":{"start":{"line":44,"column":0},"end":{"line":44,"column":16}},"44":{"start":{"line":45,"column":0},"end":{"line":45,"column":11}},"46":{"start":{"line":47,"column":0},"end":{"line":47,"column":1}}},"s":{"0":1,"1":1,"2":1,"3":1,"5":1,"6":22,"7":22,"9":22,"10":1,"11":1,"13":22,"14":1,"15":1,"16":22,"17":22,"18":22,"19":22,"20":22,"23":22,"24":22,"25":22,"26":22,"27":22,"28":22,"29":22,"30":22,"32":22,"33":22,"34":22,"36":22,"37":1,"38":1,"39":1,"41":21,"43":22,"44":22,"46":22},"branchMap":{"0":{"type":"branch","line":6,"loc":{"start":{"line":6,"column":7},"end":{"line":47,"column":1}},"locations":[{"start":{"line":6,"column":7},"end":{"line":47,"column":1}}]},"1":{"type":"branch","line":37,"loc":{"start":{"line":37,"column":9},"end":{"line":40,"column":16}},"locations":[{"start":{"line":37,"column":9},"end":{"line":40,"column":16}}]},"2":{"type":"branch","line":40,"loc":{"start":{"line":40,"column":10},"end":{"line":42,"column":65}},"locations":[{"start":{"line":40,"column":10},"end":{"line":42,"column":65}}]},"3":{"type":"branch","line":10,"loc":{"start":{"line":10,"column":23},"end":{"line":12,"column":4}},"locations":[{"start":{"line":10,"column":23},"end":{"line":12,"column":4}}]},"4":{"type":"branch","line":14,"loc":{"start":{"line":14,"column":29},"end":{"line":16,"column":4}},"locations":[{"start":{"line":14,"column":29},"end":{"line":16,"column":4}}]}},"b":{"0":[22],"1":[1],"2":[21],"3":[1],"4":[1]},"fnMap":{"0":{"name":"Home","decl":{"start":{"line":6,"column":7},"end":{"line":47,"column":1}},"loc":{"start":{"line":6,"column":7},"end":{"line":47,"column":1}},"line":6},"1":{"name":"handleSearch","decl":{"start":{"line":10,"column":23},"end":{"line":12,"column":4}},"loc":{"start":{"line":10,"column":23},"end":{"line":12,"column":4}},"line":10},"2":{"name":"handleRegionFilter","decl":{"start":{"line":14,"column":29},"end":{"line":16,"column":4}},"loc":{"start":{"line":14,"column":29},"end":{"line":16,"column":4}},"line":14}},"f":{"0":22,"1":1,"2":1}}
,"/Users/zachcervi/Documents/Development/katas-countries/src/services/countriesApi.js": {"path":"/Users/zachcervi/Documents/Development/katas-countries/src/services/countriesApi.js","all":false,"statementMap":{"0":{"start":{"line":1,"column":0},"end":{"line":1,"column":50}},"1":{"start":{"line":2,"column":0},"end":{"line":2,"column":64}},"2":{"start":{"line":3,"column":0},"end":{"line":3,"column":21}},"3":{"start":{"line":4,"column":0},"end":{"line":4,"column":95}},"5":{"start":{"line":6,"column":0},"end":{"line":6,"column":43}},"6":{"start":{"line":7,"column":0},"end":{"line":7,"column":7}},"7":{"start":{"line":8,"column":0},"end":{"line":8,"column":74}},"9":{"start":{"line":10,"column":0},"end":{"line":10,"column":23}},"10":{"start":{"line":11,"column":0},"end":{"line":11,"column":51}},"11":{"start":{"line":12,"column":0},"end":{"line":12,"column":5}},"13":{"start":{"line":14,"column":0},"end":{"line":14,"column":33}},"14":{"start":{"line":15,"column":0},"end":{"line":15,"column":19}},"15":{"start":{"line":16,"column":0},"end":{"line":16,"column":49}},"16":{"start":{"line":17,"column":0},"end":{"line":17,"column":3}},"17":{"start":{"line":18,"column":0},"end":{"line":18,"column":1}},"19":{"start":{"line":20,"column":0},"end":{"line":20,"column":48}},"20":{"start":{"line":21,"column":0},"end":{"line":21,"column":7}},"21":{"start":{"line":22,"column":0},"end":{"line":22,"column":33}},"22":{"start":{"line":23,"column":0},"end":{"line":23,"column":70}},"23":{"start":{"line":24,"column":0},"end":{"line":24,"column":6}},"25":{"start":{"line":26,"column":0},"end":{"line":26,"column":23}},"26":{"start":{"line":27,"column":0},"end":{"line":27,"column":36}},"27":{"start":{"line":28,"column":0},"end":{"line":28,"column":45}},"28":{"start":{"line":29,"column":0},"end":{"line":29,"column":7}},"29":{"start":{"line":30,"column":0},"end":{"line":30,"column":49}},"30":{"start":{"line":31,"column":0},"end":{"line":31,"column":5}},"32":{"start":{"line":33,"column":0},"end":{"line":33,"column":44}},"33":{"start":{"line":34,"column":0},"end":{"line":34,"column":24}},"34":{"start":{"line":35,"column":0},"end":{"line":35,"column":19}},"35":{"start":{"line":36,"column":0},"end":{"line":36,"column":48}},"36":{"start":{"line":37,"column":0},"end":{"line":37,"column":18}},"37":{"start":{"line":38,"column":0},"end":{"line":38,"column":5}},"38":{"start":{"line":39,"column":0},"end":{"line":39,"column":47}},"39":{"start":{"line":40,"column":0},"end":{"line":40,"column":3}},"40":{"start":{"line":41,"column":0},"end":{"line":41,"column":1}},"42":{"start":{"line":43,"column":0},"end":{"line":43,"column":51}},"43":{"start":{"line":44,"column":0},"end":{"line":44,"column":54}},"44":{"start":{"line":45,"column":0},"end":{"line":45,"column":14}},"45":{"start":{"line":46,"column":0},"end":{"line":46,"column":3}},"47":{"start":{"line":48,"column":0},"end":{"line":48,"column":7}},"48":{"start":{"line":49,"column":0},"end":{"line":49,"column":33}},"49":{"start":{"line":50,"column":0},"end":{"line":50,"column":60}},"50":{"start":{"line":51,"column":0},"end":{"line":51,"column":6}},"52":{"start":{"line":53,"column":0},"end":{"line":53,"column":23}},"53":{"start":{"line":54,"column":0},"end":{"line":54,"column":36}},"54":{"start":{"line":55,"column":0},"end":{"line":55,"column":40}},"55":{"start":{"line":56,"column":0},"end":{"line":56,"column":7}},"56":{"start":{"line":57,"column":0},"end":{"line":57,"column":39}},"57":{"start":{"line":58,"column":0},"end":{"line":58,"column":5}},"59":{"start":{"line":60,"column":0},"end":{"line":60,"column":33}},"60":{"start":{"line":61,"column":0},"end":{"line":61,"column":19}},"61":{"start":{"line":62,"column":0},"end":{"line":62,"column":44}},"62":{"start":{"line":63,"column":0},"end":{"line":63,"column":18}},"63":{"start":{"line":64,"column":0},"end":{"line":64,"column":5}},"64":{"start":{"line":65,"column":0},"end":{"line":65,"column":15}},"65":{"start":{"line":66,"column":0},"end":{"line":66,"column":3}},"66":{"start":{"line":67,"column":0},"end":{"line":67,"column":1}},"68":{"start":{"line":69,"column":0},"end":{"line":69,"column":46}},"69":{"start":{"line":70,"column":0},"end":{"line":70,"column":7}},"70":{"start":{"line":71,"column":0},"end":{"line":71,"column":33}},"71":{"start":{"line":72,"column":0},"end":{"line":72,"column":58}},"72":{"start":{"line":73,"column":0},"end":{"line":73,"column":6}},"74":{"start":{"line":75,"column":0},"end":{"line":75,"column":23}},"75":{"start":{"line":76,"column":0},"end":{"line":76,"column":52}},"76":{"start":{"line":77,"column":0},"end":{"line":77,"column":5}},"78":{"start":{"line":79,"column":0},"end":{"line":79,"column":33}},"79":{"start":{"line":80,"column":0},"end":{"line":80,"column":19}},"80":{"start":{"line":81,"column":0},"end":{"line":81,"column":50}},"81":{"start":{"line":82,"column":0},"end":{"line":82,"column":3}},"82":{"start":{"line":83,"column":0},"end":{"line":83,"column":1}}},"s":{"0":1,"1":1,"2":1,"3":1,"5":1,"6":3,"7":3,"9":3,"10":1,"11":1,"13":1,"14":3,"15":2,"16":2,"17":3,"19":1,"20":2,"21":2,"22":2,"23":2,"25":2,"26":1,"27":1,"28":1,"29":0,"30":0,"32":1,"33":1,"34":1,"35":1,"36":1,"37":1,"38":0,"39":0,"40":2,"42":1,"43":2,"44":0,"45":0,"47":2,"48":2,"49":2,"50":2,"52":2,"53":1,"54":1,"55":1,"56":0,"57":0,"59":1,"60":2,"61":0,"62":0,"63":0,"64":0,"65":0,"66":2,"68":1,"69":1,"70":1,"71":1,"72":1,"74":1,"75":0,"76":0,"78":1,"79":1,"80":0,"81":0,"82":1},"branchMap":{"0":{"type":"branch","line":6,"loc":{"start":{"line":6,"column":7},"end":{"line":18,"column":1}},"locations":[{"start":{"line":6,"column":7},"end":{"line":18,"column":1}}]},"1":{"type":"branch","line":8,"loc":{"start":{"line":8,"column":73},"end":{"line":10,"column":22}},"locations":[{"start":{"line":8,"column":73},"end":{"line":10,"column":22}}]},"2":{"type":"branch","line":10,"loc":{"start":{"line":10,"column":22},"end":{"line":15,"column":4}},"locations":[{"start":{"line":10,"column":22},"end":{"line":15,"column":4}}]},"3":{"type":"branch","line":15,"loc":{"start":{"line":15,"column":4},"end":{"line":17,"column":3}},"locations":[{"start":{"line":15,"column":4},"end":{"line":17,"column":3}}]},"4":{"type":"branch","line":20,"loc":{"start":{"line":20,"column":7},"end":{"line":41,"column":1}},"locations":[{"start":{"line":20,"column":7},"end":{"line":41,"column":1}}]},"5":{"type":"branch","line":26,"loc":{"start":{"line":26,"column":22},"end":{"line":40,"column":3}},"locations":[{"start":{"line":26,"column":22},"end":{"line":40,"column":3}}]},"6":{"type":"branch","line":29,"loc":{"start":{"line":29,"column":6},"end":{"line":31,"column":5}},"locations":[{"start":{"line":29,"column":6},"end":{"line":31,"column":5}}]},"7":{"type":"branch","line":38,"loc":{"start":{"line":38,"column":4},"end":{"line":40,"column":3}},"locations":[{"start":{"line":38,"column":4},"end":{"line":40,"column":3}}]},"8":{"type":"branch","line":43,"loc":{"start":{"line":43,"column":7},"end":{"line":67,"column":1}},"locations":[{"start":{"line":43,"column":7},"end":{"line":67,"column":1}}]},"9":{"type":"branch","line":44,"loc":{"start":{"line":44,"column":53},"end":{"line":46,"column":3}},"locations":[{"start":{"line":44,"column":53},"end":{"line":46,"column":3}}]},"10":{"type":"branch","line":53,"loc":{"start":{"line":53,"column":22},"end":{"line":61,"column":4}},"locations":[{"start":{"line":53,"column":22},"end":{"line":61,"column":4}}]},"11":{"type":"branch","line":56,"loc":{"start":{"line":56,"column":6},"end":{"line":58,"column":5}},"locations":[{"start":{"line":56,"column":6},"end":{"line":58,"column":5}}]},"12":{"type":"branch","line":61,"loc":{"start":{"line":61,"column":4},"end":{"line":66,"column":3}},"locations":[{"start":{"line":61,"column":4},"end":{"line":66,"column":3}}]},"13":{"type":"branch","line":69,"loc":{"start":{"line":69,"column":7},"end":{"line":83,"column":1}},"locations":[{"start":{"line":69,"column":7},"end":{"line":83,"column":1}}]},"14":{"type":"branch","line":75,"loc":{"start":{"line":75,"column":22},"end":{"line":77,"column":5}},"locations":[{"start":{"line":75,"column":22},"end":{"line":77,"column":5}}]},"15":{"type":"branch","line":80,"loc":{"start":{"line":80,"column":4},"end":{"line":82,"column":3}},"locations":[{"start":{"line":80,"column":4},"end":{"line":82,"column":3}}]}},"b":{"0":[3],"1":[2],"2":[1],"3":[2],"4":[2],"5":[1],"6":[0],"7":[0],"8":[2],"9":[0],"10":[1],"11":[0],"12":[0],"13":[1],"14":[0],"15":[0]},"fnMap":{"0":{"name":"fetchAllCountries","decl":{"start":{"line":6,"column":7},"end":{"line":18,"column":1}},"loc":{"start":{"line":6,"column":7},"end":{"line":18,"column":1}},"line":6},"1":{"name":"fetchCountryByName","decl":{"start":{"line":20,"column":7},"end":{"line":41,"column":1}},"loc":{"start":{"line":20,"column":7},"end":{"line":41,"column":1}},"line":20},"2":{"name":"searchCountries","decl":{"start":{"line":43,"column":7},"end":{"line":67,"column":1}},"loc":{"start":{"line":43,"column":7},"end":{"line":67,"column":1}},"line":43},"3":{"name":"filterByRegion","decl":{"start":{"line":69,"column":7},"end":{"line":83,"column":1}},"loc":{"start":{"line":69,"column":7},"end":{"line":83,"column":1}},"line":69}},"f":{"0":3,"1":2,"2":2,"3":1}}
}
